\BOOKMARK [1][-]{section.1}{Introdu\347\343o}{}% 1
\BOOKMARK [2][-]{subsection.1.1}{Representa\347\343o de Workflows Cient\355ficos}{section.1}% 2
\BOOKMARK [2][-]{subsection.1.2}{Composi\347\343o de Workflows Cient\355ficos}{section.1}% 3
\BOOKMARK [2][-]{subsection.1.3}{An\341lise de Desempenho}{section.1}% 4
\BOOKMARK [1][-]{section.2}{Objetivos}{}% 5
\BOOKMARK [1][-]{section.3}{Metodologia}{}% 6
\BOOKMARK [2][-]{subsection.3.1}{O Programa}{section.3}% 7
\BOOKMARK [2][-]{subsection.3.2}{Nota T\351cnica}{section.3}% 8
\BOOKMARK [1][-]{section.4}{Resultados parciais}{}% 9
\BOOKMARK [2][-]{subsection.4.1}{Descri\347\343o Textual do Workflow}{section.4}% 10
\BOOKMARK [2][-]{subsection.4.2}{Estrutura de Dados Baseada em Grafo}{section.4}% 11
\BOOKMARK [2][-]{subsection.4.3}{Visualiza\347\343o do Grafo do Workflow}{section.4}% 12
\BOOKMARK [1][-]{section.5}{An\341lises}{}% 13
\BOOKMARK [2][-]{subsection.5.1}{Descri\347\343o Textual do Workflow}{section.5}% 14
\BOOKMARK [2][-]{subsection.5.2}{Descri\347\343o Textual dos Recursos}{section.5}% 15
\BOOKMARK [2][-]{subsection.5.3}{Analisadores L\351xico e Sint\341tico}{section.5}% 16
\BOOKMARK [2][-]{subsection.5.4}{Estrutura de Dados Baseada em Grafo}{section.5}% 17
\BOOKMARK [2][-]{subsection.5.5}{Linguagem DOT}{section.5}% 18
\BOOKMARK [2][-]{subsection.5.6}{Modelagem Anal\355tica}{section.5}% 19
\BOOKMARK [2][-]{subsection.5.7}{Cronograma}{section.5}% 20
\BOOKMARK [1][-]{section.6}{Conclus\365es parciais}{}% 21
\BOOKMARK [1][-]{section*.3}{Refer\352ncias}{}% 22
\BOOKMARK [1][-]{appendix.A}{C\363digo do Programa}{}% 23
